<?xml version="1.0" encoding="UTF-8"?>
<robot generator="Robot 3.2.1 (Python 3.8.3 on win32)" generated="20200729 20:30:54.070" rpa="false">
<suite id="s1" name="Produtos" source="C:\robotWeek\ninjachef\tests\produtos.robot">
<test id="s1-t1" name="Novo prato">
<kw name="Login Session" library="helpers" type="setup">
<arguments>
<arg>joice12@gmail.com</arg>
</arguments>
<kw name="Open Session" library="base">
<kw name="Open Browser" library="SeleniumLibrary">
<doc>Opens a new browser instance to the optional ``url``.</doc>
<arguments>
<arg>about:blank</arg>
<arg>chrome</arg>
</arguments>
<msg timestamp="20200729 20:30:54.301" level="INFO">Opening browser 'chrome' to base url 'about:blank'.</msg>
<status status="PASS" starttime="20200729 20:30:54.300" endtime="20200729 20:30:57.658"></status>
</kw>
<status status="PASS" starttime="20200729 20:30:54.300" endtime="20200729 20:30:57.658"></status>
</kw>
<kw name="Go To" library="SeleniumLibrary">
<doc>Navigates the current browser window to the provided ``url``.</doc>
<arguments>
<arg>http://ninjachef-qaninja-io.umbler.net/</arg>
</arguments>
<msg timestamp="20200729 20:30:57.658" level="INFO">Opening url 'http://ninjachef-qaninja-io.umbler.net/'</msg>
<status status="PASS" starttime="20200729 20:30:57.658" endtime="20200729 20:32:20.268"></status>
</kw>
<kw name="Input Text" library="SeleniumLibrary">
<doc>Types the given ``text`` into the text field identified by ``locator``.</doc>
<arguments>
<arg>id:email</arg>
<arg>${email}</arg>
</arguments>
<msg timestamp="20200729 20:32:20.268" level="INFO">Typing text 'joice12@gmail.com' into text field 'id:email'.</msg>
<status status="PASS" starttime="20200729 20:32:20.268" endtime="20200729 20:32:20.642"></status>
</kw>
<kw name="Click Element" library="SeleniumLibrary">
<doc>Click the element identified by ``locator``.</doc>
<arguments>
<arg>css:button[type=submit]</arg>
</arguments>
<msg timestamp="20200729 20:32:20.642" level="INFO">Clicking element 'css:button[type=submit]'.</msg>
<status status="PASS" starttime="20200729 20:32:20.642" endtime="20200729 20:32:20.746"></status>
</kw>
<kw name="Sleep" library="BuiltIn">
<doc>Pauses the test executed for the given time.</doc>
<arguments>
<arg>5</arg>
</arguments>
<msg timestamp="20200729 20:32:25.749" level="INFO">Slept 5 seconds</msg>
<status status="PASS" starttime="20200729 20:32:20.747" endtime="20200729 20:32:25.749"></status>
</kw>
<kw name="Wait Until Page Contains Element" library="SeleniumLibrary">
<doc>Waits until the element ``locator`` appears on the current page.</doc>
<arguments>
<arg>class:dashboard</arg>
</arguments>
<status status="PASS" starttime="20200729 20:32:25.749" endtime="20200729 20:32:28.852"></status>
</kw>
<status status="PASS" starttime="20200729 20:30:54.299" endtime="20200729 20:32:28.852"></status>
</kw>
<kw name="Dado que &quot;${nhoque}&quot; é um dos meus pratos" library="kws">
<kw name="Set Test Variable" library="BuiltIn">
<doc>Makes a variable available everywhere within the scope of the current test.</doc>
<arguments>
<arg>${produto}</arg>
</arguments>
<msg timestamp="20200729 20:32:28.856" level="INFO">${produto} = {'img': 'prato.jpg', 'nome': 'Nhoque ao molho', 'tipo': 'massas', 'preco': '20.00'}</msg>
<status status="PASS" starttime="20200729 20:32:28.855" endtime="20200729 20:32:28.857"></status>
</kw>
<status status="PASS" starttime="20200729 20:32:28.854" endtime="20200729 20:32:28.857"></status>
</kw>
<kw name="Quando faco o cadastro desse item" library="kws">
<kw name="Wait Until Element Is Visible" library="SeleniumLibrary">
<doc>Waits until the element ``locator`` is visible.</doc>
<arguments>
<arg>class:btn-add</arg>
<arg>10</arg>
</arguments>
<status status="PASS" starttime="20200729 20:32:28.859" endtime="20200729 20:32:32.840"></status>
</kw>
<kw name="Click Element" library="SeleniumLibrary">
<doc>Click the element identified by ``locator``.</doc>
<arguments>
<arg>class:btn-add</arg>
</arguments>
<msg timestamp="20200729 20:32:32.840" level="INFO">Clicking element 'class:btn-add'.</msg>
<status status="PASS" starttime="20200729 20:32:32.840" endtime="20200729 20:32:32.937"></status>
</kw>
<kw name="Choose File" library="SeleniumLibrary">
<doc>Inputs the ``file_path`` into the file input field ``locator``.</doc>
<arguments>
<arg>css:input[id=thumbnail]</arg>
<arg>${EXECDIR}/resource/imgs/${produto['img']}</arg>
</arguments>
<msg timestamp="20200729 20:32:32.939" level="INFO">Sending C:\robotWeek\ninjachef\resource\imgs\prato.jpg to browser.</msg>
<status status="PASS" starttime="20200729 20:32:32.937" endtime="20200729 20:32:32.985"></status>
</kw>
<kw name="Input Text" library="SeleniumLibrary">
<doc>Types the given ``text`` into the text field identified by ``locator``.</doc>
<arguments>
<arg>id:name</arg>
<arg>${produto['nome']}</arg>
</arguments>
<msg timestamp="20200729 20:32:32.986" level="INFO">Typing text 'Nhoque ao molho' into text field 'id:name'.</msg>
<status status="PASS" starttime="20200729 20:32:32.985" endtime="20200729 20:32:33.129"></status>
</kw>
<kw name="Input Text" library="SeleniumLibrary">
<doc>Types the given ``text`` into the text field identified by ``locator``.</doc>
<arguments>
<arg>id:plate</arg>
<arg>${produto['tipo']}</arg>
</arguments>
<msg timestamp="20200729 20:32:33.129" level="INFO">Typing text 'massas' into text field 'id:plate'.</msg>
<status status="PASS" starttime="20200729 20:32:33.129" endtime="20200729 20:32:33.234"></status>
</kw>
<kw name="Input Text" library="SeleniumLibrary">
<doc>Types the given ``text`` into the text field identified by ``locator``.</doc>
<arguments>
<arg>id:price</arg>
<arg>${produto['preco']}</arg>
</arguments>
<msg timestamp="20200729 20:32:33.235" level="INFO">Typing text '20.00' into text field 'id:price'.</msg>
<status status="PASS" starttime="20200729 20:32:33.235" endtime="20200729 20:32:33.333"></status>
</kw>
<kw name="Click Element" library="SeleniumLibrary">
<doc>Click the element identified by ``locator``.</doc>
<arguments>
<arg>class:btn-cadastrar</arg>
</arguments>
<msg timestamp="20200729 20:32:33.334" level="INFO">Clicking element 'class:btn-cadastrar'.</msg>
<status status="PASS" starttime="20200729 20:32:33.334" endtime="20200729 20:32:33.402"></status>
</kw>
<status status="PASS" starttime="20200729 20:32:28.858" endtime="20200729 20:32:33.402"></status>
</kw>
<kw name="Entao devo ver este produto no meu prato no meu dashboards" library="kws">
<kw name="Wait Until Element Contains" library="SeleniumLibrary">
<doc>Waits until the element ``locator`` contains ``text``.</doc>
<arguments>
<arg>class:product-list</arg>
<arg>${produto['nome']}</arg>
</arguments>
<kw name="Capture Page Screenshot" library="SeleniumLibrary">
<doc>Takes a screenshot of the current page and embeds it into a log file.</doc>
<msg timestamp="20200729 20:32:39.072" level="INFO" html="yes">&lt;/td&gt;&lt;/tr&gt;&lt;tr&gt;&lt;td colspan="3"&gt;&lt;a href="selenium-screenshot-11.png"&gt;&lt;img src="selenium-screenshot-11.png" width="800px"&gt;&lt;/a&gt;</msg>
<status status="PASS" starttime="20200729 20:32:38.425" endtime="20200729 20:32:39.072"></status>
</kw>
<msg timestamp="20200729 20:32:39.079" level="FAIL">Element with locator 'class:product-list' not found.</msg>
<status status="FAIL" starttime="20200729 20:32:33.403" endtime="20200729 20:32:39.079"></status>
</kw>
<status status="FAIL" starttime="20200729 20:32:33.403" endtime="20200729 20:32:39.079"></status>
</kw>
<kw name="Close Session" library="base" type="teardown">
<kw name="Close Browser" library="SeleniumLibrary">
<doc>Closes the current browser.</doc>
<status status="PASS" starttime="20200729 20:32:39.079" endtime="20200729 20:32:41.351"></status>
</kw>
<status status="PASS" starttime="20200729 20:32:39.079" endtime="20200729 20:32:41.352"></status>
</kw>
<status status="FAIL" starttime="20200729 20:30:54.299" endtime="20200729 20:32:41.352" critical="yes">Element with locator 'class:product-list' not found.</status>
</test>
<doc>Teste de produtos/pratos
Sendo eu cozinheiro amador
Quero cadastrar meus melhores pratos
Para que eu possa cozinha-los para outras pessoas</doc>
<status status="FAIL" starttime="20200729 20:30:54.072" endtime="20200729 20:32:41.363"></status>
</suite>
<statistics>
<total>
<stat pass="0" fail="1">Critical Tests</stat>
<stat pass="0" fail="1">All Tests</stat>
</total>
<tag>
</tag>
<suite>
<stat pass="0" fail="1" id="s1" name="Produtos">Produtos</stat>
</suite>
</statistics>
<errors>
</errors>
</robot>
